<?xml version="1.0" encoding="UTF-8"?>
<!-- Generated by org.testng.reporters.JUnitReportReporter -->
<testsuite hostname="DESKTOP-0BH9N96" failures="0" tests="5" name="org.qa.opencart.tests.LoginTest" time="6.047" errors="0" timestamp="2024-03-29T06:18:35 IST" skipped="2">
  <testcase classname="org.qa.opencart.tests.LoginTest" name="loginPageTitleTest" time="0.060"/>
  <testcase classname="org.qa.opencart.tests.LoginTest" name="loginPageUrlTest" time="0.024"/>
  <testcase classname="org.qa.opencart.tests.LoginTest" name="getloginTestExcelData" time="5.963"/>
  <testcase classname="org.qa.opencart.tests.LoginTest" name="getloginTest">
    <skipped/>
  </testcase> <!-- getloginTest -->
  <testcase classname="org.qa.opencart.tests.LoginTest" name="loginTest">
    <skipped/>
  </testcase> <!-- loginTest -->
</testsuite> <!-- org.qa.opencart.tests.LoginTest -->
